2025-03-31 08:32:56.972 [info] [main] Log level: Info
2025-03-31 08:32:56.972 [info] [main] Validating found git in: "git"
2025-03-31 08:32:56.972 [info] [main] Using git "2.43.0" from "git"
2025-03-31 08:32:56.972 [info] [Model][doInitialScan] Initial repository scan started
2025-03-31 08:32:56.972 [info] [Model][doInitialScan] Initial repository scan completed - repositories (0), closed repositories (0), parent repositories (0), unsafe repositories (0)
2025-03-31 08:34:58.902 [info] [main] Log level: Info
2025-03-31 08:34:58.902 [info] [main] Validating found git in: "git"
2025-03-31 08:34:58.902 [info] [main] Using git "2.43.0" from "git"
2025-03-31 08:34:58.902 [info] [Model][doInitialScan] Initial repository scan started
2025-03-31 08:34:58.902 [info] > git rev-parse --show-toplevel [6ms]
2025-03-31 08:34:58.902 [info] fatal: not a git repository (or any of the parent directories): .git
2025-03-31 08:34:58.908 [info] > git rev-parse --show-toplevel [1ms]
2025-03-31 08:34:58.908 [info] fatal: not a git repository (or any of the parent directories): .git
2025-03-31 08:34:58.917 [info] > git rev-parse --show-toplevel [1ms]
2025-03-31 08:34:58.917 [info] fatal: not a git repository (or any of the parent directories): .git
2025-03-31 08:34:58.922 [info] > git rev-parse --show-toplevel [1ms]
2025-03-31 08:34:58.922 [info] fatal: not a git repository (or any of the parent directories): .git
2025-03-31 08:34:58.925 [info] [Model][doInitialScan] Initial repository scan completed - repositories (0), closed repositories (0), parent repositories (0), unsafe repositories (0)
2025-03-31 08:35:00.426 [info] > git rev-parse --show-toplevel [1ms]
2025-03-31 08:35:00.426 [info] fatal: not a git repository (or any of the parent directories): .git
2025-03-31 08:35:04.288 [info] > git rev-parse --show-toplevel [2ms]
2025-03-31 08:35:04.288 [info] fatal: not a git repository (or any of the parent directories): .git
2025-03-31 08:38:33.174 [info] > git rev-parse --show-toplevel [2ms]
2025-03-31 08:38:33.174 [info] fatal: not a git repository (or any of the parent directories): .git
