2025-03-27 10:38:40.384 [info] [main] Log level: Info
2025-03-27 10:38:40.384 [info] [main] Validating found git in: "git"
2025-03-27 10:38:40.384 [info] [main] Using git "2.43.0" from "git"
2025-03-27 10:38:40.384 [info] [Model][doInitialScan] Initial repository scan started
2025-03-27 10:38:40.384 [info] [Model][doInitialScan] Initial repository scan completed - repositories (0), closed repositories (0), parent repositories (0), unsafe repositories (0)
2025-03-27 10:39:17.856 [info] [main] Log level: Info
2025-03-27 10:39:17.856 [info] [main] Validating found git in: "git"
2025-03-27 10:39:17.856 [info] [main] Using git "2.43.0" from "git"
2025-03-27 10:39:17.856 [info] [Model][doInitialScan] Initial repository scan started
2025-03-27 10:39:17.856 [info] > git rev-parse --show-toplevel [9ms]
2025-03-27 10:39:17.856 [info] fatal: not a git repository (or any of the parent directories): .git
2025-03-27 10:39:17.856 [info] [Model][doInitialScan] Initial repository scan completed - repositories (0), closed repositories (0), parent repositories (0), unsafe repositories (0)
2025-03-27 10:41:38.905 [info] > git rev-parse --show-toplevel [2ms]
2025-03-27 10:41:38.905 [info] fatal: not a git repository (or any of the parent directories): .git
2025-03-27 10:41:43.961 [info] > git rev-parse --show-toplevel [3ms]
2025-03-27 10:41:43.961 [info] fatal: not a git repository (or any of the parent directories): .git
2025-03-27 10:41:50.009 [info] > git rev-parse --show-toplevel [4ms]
2025-03-27 10:41:50.009 [info] fatal: not a git repository (or any of the parent directories): .git
2025-03-27 10:41:56.424 [info] > git rev-parse --show-toplevel [3ms]
2025-03-27 10:41:56.424 [info] fatal: not a git repository (or any of the parent directories): .git
2025-03-27 10:42:35.117 [info] > git rev-parse --show-toplevel [2ms]
2025-03-27 10:42:35.117 [info] fatal: not a git repository (or any of the parent directories): .git
2025-03-27 10:42:42.551 [info] > git rev-parse --show-toplevel [1ms]
2025-03-27 10:42:42.551 [info] fatal: not a git repository (or any of the parent directories): .git
2025-03-27 10:42:53.831 [info] > git rev-parse --show-toplevel [1ms]
2025-03-27 10:42:53.831 [info] fatal: not a git repository (or any of the parent directories): .git
2025-03-27 10:43:05.384 [info] > git rev-parse --show-toplevel [2ms]
2025-03-27 10:43:05.384 [info] fatal: not a git repository (or any of the parent directories): .git
2025-03-27 10:43:06.745 [info] > git rev-parse --show-toplevel [3ms]
2025-03-27 10:43:06.745 [info] fatal: not a git repository (or any of the parent directories): .git
2025-03-27 10:46:23.554 [info] [main] Log level: Info
2025-03-27 10:46:23.554 [info] [main] Validating found git in: "git"
2025-03-27 10:46:23.554 [info] [main] Using git "2.43.0" from "git"
2025-03-27 10:46:23.554 [info] [Model][doInitialScan] Initial repository scan started
2025-03-27 10:46:23.554 [info] > git rev-parse --show-toplevel [37ms]
2025-03-27 10:46:23.554 [info] fatal: not a git repository (or any of the parent directories): .git
2025-03-27 10:46:23.554 [info] [Model][doInitialScan] Initial repository scan completed - repositories (0), closed repositories (0), parent repositories (0), unsafe repositories (0)
2025-03-27 10:46:24.998 [info] > git rev-parse --show-toplevel [2ms]
2025-03-27 10:46:24.998 [info] fatal: not a git repository (or any of the parent directories): .git
2025-03-27 10:46:25.206 [info] > git rev-parse --show-toplevel [3ms]
2025-03-27 10:46:25.206 [info] fatal: not a git repository (or any of the parent directories): .git
2025-03-27 10:46:47.217 [info] > git rev-parse --show-toplevel [1ms]
2025-03-27 10:46:47.217 [info] fatal: not a git repository (or any of the parent directories): .git
2025-03-27 10:47:13.469 [info] > git rev-parse --show-toplevel [1ms]
2025-03-27 10:47:13.469 [info] fatal: not a git repository (or any of the parent directories): .git
2025-03-27 10:47:19.396 [info] > git rev-parse --show-toplevel [2ms]
2025-03-27 10:47:19.396 [info] fatal: not a git repository (or any of the parent directories): .git
2025-03-27 10:48:02.658 [info] > git rev-parse --show-toplevel [2ms]
2025-03-27 10:48:02.658 [info] fatal: not a git repository (or any of the parent directories): .git
2025-03-27 10:48:04.532 [info] > git rev-parse --show-toplevel [2ms]
2025-03-27 10:48:04.532 [info] fatal: not a git repository (or any of the parent directories): .git
2025-03-27 10:48:29.349 [info] > git rev-parse --show-toplevel [3ms]
2025-03-27 10:48:29.349 [info] fatal: not a git repository (or any of the parent directories): .git
2025-03-27 10:48:31.418 [info] > git rev-parse --show-toplevel [2ms]
2025-03-27 10:48:31.418 [info] fatal: not a git repository (or any of the parent directories): .git
2025-03-27 10:48:43.869 [info] > git rev-parse --show-toplevel [2ms]
2025-03-27 10:48:43.869 [info] fatal: not a git repository (or any of the parent directories): .git
2025-03-27 10:49:53.635 [info] > git rev-parse --show-toplevel [3ms]
2025-03-27 10:49:53.635 [info] fatal: not a git repository (or any of the parent directories): .git
2025-03-27 10:49:59.468 [info] > git rev-parse --show-toplevel [2ms]
2025-03-27 10:49:59.468 [info] fatal: not a git repository (or any of the parent directories): .git
2025-03-27 10:51:21.245 [info] > git rev-parse --show-toplevel [2ms]
2025-03-27 10:51:21.245 [info] fatal: not a git repository (or any of the parent directories): .git
2025-03-27 10:51:31.267 [info] > git rev-parse --show-toplevel [2ms]
2025-03-27 10:51:31.267 [info] fatal: not a git repository (or any of the parent directories): .git
2025-03-27 10:51:49.060 [info] > git rev-parse --show-toplevel [2ms]
2025-03-27 10:51:49.060 [info] fatal: not a git repository (or any of the parent directories): .git
2025-03-27 10:51:51.582 [info] > git rev-parse --show-toplevel [8ms]
2025-03-27 10:51:51.583 [info] fatal: not a git repository (or any of the parent directories): .git
2025-03-27 10:51:56.840 [info] > git rev-parse --show-toplevel [3ms]
2025-03-27 10:51:56.840 [info] fatal: not a git repository (or any of the parent directories): .git
2025-03-27 10:53:44.325 [info] > git rev-parse --show-toplevel [6ms]
2025-03-27 10:53:44.325 [info] fatal: not a git repository (or any of the parent directories): .git
2025-03-27 10:53:56.040 [info] > git rev-parse --show-toplevel [9ms]
2025-03-27 10:53:56.040 [info] fatal: not a git repository (or any of the parent directories): .git
2025-03-27 10:54:37.836 [info] > git rev-parse --show-toplevel [2ms]
2025-03-27 10:54:37.836 [info] fatal: not a git repository (or any of the parent directories): .git
2025-03-27 10:56:30.717 [info] > git rev-parse --show-toplevel [1ms]
2025-03-27 10:56:30.717 [info] fatal: not a git repository (or any of the parent directories): .git
2025-03-27 10:56:44.039 [info] > git rev-parse --show-toplevel [4ms]
2025-03-27 10:56:44.039 [info] fatal: not a git repository (or any of the parent directories): .git
2025-03-27 10:59:21.772 [info] > git rev-parse --show-toplevel [2ms]
2025-03-27 10:59:21.772 [info] fatal: not a git repository (or any of the parent directories): .git
2025-03-27 10:59:42.888 [info] > git rev-parse --show-toplevel [15ms]
2025-03-27 10:59:42.888 [info] fatal: not a git repository (or any of the parent directories): .git
2025-03-27 10:59:46.783 [info] > git rev-parse --show-toplevel [2ms]
2025-03-27 10:59:46.783 [info] fatal: not a git repository (or any of the parent directories): .git
2025-03-27 11:00:00.247 [info] > git rev-parse --show-toplevel [6ms]
2025-03-27 11:00:00.247 [info] fatal: not a git repository (or any of the parent directories): .git
2025-03-27 11:00:06.248 [info] > git rev-parse --show-toplevel [2ms]
2025-03-27 11:00:06.248 [info] fatal: not a git repository (or any of the parent directories): .git
2025-03-27 11:00:22.562 [info] > git rev-parse --show-toplevel [4ms]
2025-03-27 11:00:22.562 [info] fatal: not a git repository (or any of the parent directories): .git
2025-03-27 11:00:53.642 [info] > git rev-parse --show-toplevel [9ms]
2025-03-27 11:00:53.642 [info] fatal: not a git repository (or any of the parent directories): .git
2025-03-27 11:02:22.475 [info] > git rev-parse --show-toplevel [15ms]
2025-03-27 11:02:22.475 [info] fatal: not a git repository (or any of the parent directories): .git
2025-03-27 11:02:30.637 [info] > git rev-parse --show-toplevel [11ms]
2025-03-27 11:02:30.637 [info] fatal: not a git repository (or any of the parent directories): .git
2025-03-27 11:02:32.330 [info] > git rev-parse --show-toplevel [4ms]
2025-03-27 11:02:32.330 [info] fatal: not a git repository (or any of the parent directories): .git
2025-03-27 11:09:48.336 [info] > git rev-parse --show-toplevel [2ms]
2025-03-27 11:09:48.336 [info] fatal: not a git repository (or any of the parent directories): .git
2025-03-27 11:10:31.373 [info] > git rev-parse --show-toplevel [2ms]
2025-03-27 11:10:31.373 [info] fatal: not a git repository (or any of the parent directories): .git
2025-03-27 11:20:27.540 [warning] [Model][getRepositoryExact] Failed to get repository realpath for: "/home/alunos/a2667428/fds 2 o resurgimento". Error:Error: ENOENT: no such file or directory, realpath '/home/alunos/a2667428/fds 2 o resurgimento'
2025-03-27 11:26:03.292 [warning] [Model][getRepositoryExact] Failed to get repository realpath for: "/home/alunos/a2667428/fds 2 o resurgimento". Error:Error: ENOENT: no such file or directory, realpath '/home/alunos/a2667428/fds 2 o resurgimento'
2025-03-27 11:27:04.784 [info] > git rev-parse --show-toplevel [12ms]
2025-03-27 11:27:04.784 [info] fatal: not a git repository (or any of the parent directories): .git
2025-03-27 11:27:31.868 [info] > git rev-parse --show-toplevel [3ms]
2025-03-27 11:27:31.868 [info] fatal: not a git repository (or any of the parent directories): .git
2025-03-27 11:34:27.057 [info] > git rev-parse --show-toplevel [2ms]
2025-03-27 11:34:27.057 [info] fatal: not a git repository (or any of the parent directories): .git
2025-03-27 11:34:29.947 [info] > git rev-parse --show-toplevel [6ms]
2025-03-27 11:34:29.947 [info] fatal: not a git repository (or any of the parent directories): .git
2025-03-27 11:34:30.700 [info] > git rev-parse --show-toplevel [4ms]
2025-03-27 11:34:30.700 [info] fatal: not a git repository (or any of the parent directories): .git
2025-03-27 11:35:17.091 [info] > git rev-parse --show-toplevel [12ms]
2025-03-27 11:35:17.091 [info] fatal: not a git repository (or any of the parent directories): .git
