2025-03-27 10:38:38.548 [warning] Via 'product.json#extensionEnabledApiProposals' extension 'ms-vscode.vscode-selfhost-test-provider' wants API proposal 'attributableCoverage' but that proposal DOES NOT EXIST. Likely, the proposal has been finalized (check 'vscode.d.ts') or was abandoned.
2025-03-27 10:38:38.559 [warning] Via 'product.json#extensionEnabledApiProposals' extension 'ms-python.python' wants API proposal 'contribIssueReporter' but that proposal DOES NOT EXIST. Likely, the proposal has been finalized (check 'vscode.d.ts') or was abandoned.
2025-03-27 10:38:38.559 [warning] Via 'product.json#extensionEnabledApiProposals' extension 'ms-python.debugpy' wants API proposal 'contribIssueReporter' but that proposal DOES NOT EXIST. Likely, the proposal has been finalized (check 'vscode.d.ts') or was abandoned.
2025-03-27 10:38:38.919 [info] Started local extension host with pid 4666.
2025-03-27 10:38:38.973 [info] Started initializing default profile extensions in extensions installation folder. file:///home/alunos/a2667428/.vscode/extensions
2025-03-27 10:38:39.301 [info] Completed initializing default profile extensions in extensions installation folder. file:///home/alunos/a2667428/.vscode/extensions
2025-03-27 10:38:39.862 [info] Settings Sync: Account status changed from uninitialized to unavailable
2025-03-27 10:38:42.139 [info] [perf] Render performance baseline is 94ms
2025-03-27 10:38:45.132 [error] Timed out waiting for authentication provider to register
2025-03-27 10:39:14.443 [warning] Via 'product.json#extensionEnabledApiProposals' extension 'ms-vscode.vscode-selfhost-test-provider' wants API proposal 'attributableCoverage' but that proposal DOES NOT EXIST. Likely, the proposal has been finalized (check 'vscode.d.ts') or was abandoned.
2025-03-27 10:39:14.443 [warning] Via 'product.json#extensionEnabledApiProposals' extension 'ms-python.python' wants API proposal 'contribIssueReporter' but that proposal DOES NOT EXIST. Likely, the proposal has been finalized (check 'vscode.d.ts') or was abandoned.
2025-03-27 10:39:14.443 [warning] Via 'product.json#extensionEnabledApiProposals' extension 'ms-python.debugpy' wants API proposal 'contribIssueReporter' but that proposal DOES NOT EXIST. Likely, the proposal has been finalized (check 'vscode.d.ts') or was abandoned.
2025-03-27 10:39:14.648 [info] Started local extension host with pid 4936.
2025-03-27 10:39:15.191 [info] Settings Sync: Account status changed from uninitialized to unavailable
2025-03-27 10:39:17.311 [info] [perf] Render performance baseline is 42ms
2025-03-27 10:39:20.449 [error] Timed out waiting for authentication provider to register
2025-03-27 10:46:22.269 [warning] Via 'product.json#extensionEnabledApiProposals' extension 'ms-vscode.vscode-selfhost-test-provider' wants API proposal 'attributableCoverage' but that proposal DOES NOT EXIST. Likely, the proposal has been finalized (check 'vscode.d.ts') or was abandoned.
2025-03-27 10:46:22.269 [warning] Via 'product.json#extensionEnabledApiProposals' extension 'ms-python.python' wants API proposal 'contribIssueReporter' but that proposal DOES NOT EXIST. Likely, the proposal has been finalized (check 'vscode.d.ts') or was abandoned.
2025-03-27 10:46:22.269 [warning] Via 'product.json#extensionEnabledApiProposals' extension 'ms-python.debugpy' wants API proposal 'contribIssueReporter' but that proposal DOES NOT EXIST. Likely, the proposal has been finalized (check 'vscode.d.ts') or was abandoned.
2025-03-27 10:46:22.491 [info] Started local extension host with pid 5392.
2025-03-27 10:46:23.175 [info] Settings Sync: Account status changed from uninitialized to unavailable
2025-03-27 10:46:25.288 [info] [perf] Render performance baseline is 31ms
2025-03-27 10:46:28.322 [error] Timed out waiting for authentication provider to register
2025-03-27 11:18:06.419 [warning] [File Watcher] Watcher shutdown because watched path got deleted (path: /home/alunos/a2667428/fds 2 o resurgimento)
2025-03-27 11:20:24.429 [error] Error: The editor could not be opened because the file was not found.
    at Eve.gc (vscode-file://vscode-app/usr/share/code/resources/app/out/vs/workbench/workbench.desktop.main.js:2103:120492)
    at async Eve.setInput (vscode-file://vscode-app/usr/share/code/resources/app/out/vs/workbench/workbench.desktop.main.js:2103:119650)
    at async HBe.U (vscode-file://vscode-app/usr/share/code/resources/app/out/vs/workbench/workbench.desktop.main.js:523:19779)
    at async HBe.M (vscode-file://vscode-app/usr/share/code/resources/app/out/vs/workbench/workbench.desktop.main.js:523:18330)
    at async HBe.openEditor (vscode-file://vscode-app/usr/share/code/resources/app/out/vs/workbench/workbench.desktop.main.js:523:17412)
    at async vscode-file://vscode-app/usr/share/code/resources/app/out/vs/workbench/workbench.desktop.main.js:635:23606
    at async oee.value (vscode-file://vscode-app/usr/share/code/resources/app/out/vs/workbench/workbench.desktop.main.js:656:37044)
