2025-03-27 10:38:38.857 [info] Added views:outline in workbench.view.explorer
2025-03-27 10:38:38.857 [info] Added views:workbench.view.search in workbench.view.search
2025-03-27 10:38:38.857 [info] Added views:workbench.scm in workbench.view.scm
2025-03-27 10:38:38.857 [info] Added views:workbench.panel.markers.view in workbench.panel.markers
2025-03-27 10:38:38.857 [info] Added views:workbench.panel.output in workbench.panel.output
2025-03-27 10:38:38.857 [info] Added views:terminal in terminal
2025-03-27 10:38:38.857 [info] Added views:timeline in workbench.view.explorer
2025-03-27 10:38:38.857 [info] Added views:workbench.explorer.emptyView in workbench.view.explorer
2025-03-27 10:38:39.166 [info] Added views:workbench.debug.variablesView,workbench.debug.watchExpressionsView,workbench.debug.callStackView,workbench.debug.breakPointsView in workbench.view.debug
2025-03-27 10:38:39.760 [info] Added views:~remote.forwardedPorts in ~remote.forwardedPortsContainer
2025-03-27 10:38:39.967 [info] Added views:workbench.panel.repl.view in workbench.panel.repl
2025-03-27 10:38:39.968 [info] Removed views:workbench.debug.breakPointsView,workbench.debug.callStackView,workbench.debug.watchExpressionsView,workbench.debug.variablesView from workbench.view.debug
2025-03-27 10:38:39.973 [info] Added views:workbench.debug.welcome in workbench.view.debug
2025-03-27 10:38:46.462 [info] Added views:workbench.views.extensions.installed,workbench.views.extensions.popular,extensions.recommendedList in workbench.view.extensions
2025-03-27 10:38:46.464 [info] Removed views:workbench.views.extensions.popular from workbench.view.extensions
2025-03-27 10:38:46.646 [info] Added views:workbench.views.extensions.popular in workbench.view.extensions
2025-03-27 10:38:54.286 [info] Removed views:extensions.recommendedList,workbench.views.extensions.popular,workbench.views.extensions.installed from workbench.view.extensions
2025-03-27 10:38:54.293 [info] Added views:workbench.views.extensions.marketplace in workbench.view.extensions
2025-03-27 10:39:14.564 [info] Added views:outline in workbench.view.explorer
2025-03-27 10:39:14.564 [info] Added views:workbench.view.search in workbench.view.search
2025-03-27 10:39:14.564 [info] Added views:workbench.scm in workbench.view.scm
2025-03-27 10:39:14.564 [info] Added views:workbench.panel.markers.view in workbench.panel.markers
2025-03-27 10:39:14.564 [info] Added views:workbench.panel.output in workbench.panel.output
2025-03-27 10:39:14.564 [info] Added views:terminal in terminal
2025-03-27 10:39:14.564 [info] Added views:timeline in workbench.view.explorer
2025-03-27 10:39:14.564 [info] Added views:workbench.explorer.fileView in workbench.view.explorer
2025-03-27 10:39:14.780 [info] Added views:workbench.debug.variablesView,workbench.debug.watchExpressionsView,workbench.debug.callStackView,workbench.debug.breakPointsView in workbench.view.debug
2025-03-27 10:39:15.146 [info] Added views:~remote.forwardedPorts in ~remote.forwardedPortsContainer
2025-03-27 10:39:15.299 [info] Added views:workbench.panel.repl.view in workbench.panel.repl
2025-03-27 10:39:15.302 [info] Removed views:workbench.debug.breakPointsView,workbench.debug.callStackView,workbench.debug.watchExpressionsView,workbench.debug.variablesView from workbench.view.debug
2025-03-27 10:39:15.302 [info] Added views:workbench.debug.welcome in workbench.view.debug
2025-03-27 10:46:22.423 [info] Added views:outline in workbench.view.explorer
2025-03-27 10:46:22.423 [info] Added views:workbench.view.search in workbench.view.search
2025-03-27 10:46:22.423 [info] Added views:workbench.scm in workbench.view.scm
2025-03-27 10:46:22.423 [info] Added views:workbench.panel.markers.view in workbench.panel.markers
2025-03-27 10:46:22.423 [info] Added views:workbench.panel.output in workbench.panel.output
2025-03-27 10:46:22.423 [info] Added views:terminal in terminal
2025-03-27 10:46:22.423 [info] Added views:timeline in workbench.view.explorer
2025-03-27 10:46:22.423 [info] Added views:workbench.explorer.fileView in workbench.view.explorer
2025-03-27 10:46:22.960 [info] Added views:workbench.debug.variablesView,workbench.debug.watchExpressionsView,workbench.debug.callStackView,workbench.debug.breakPointsView in workbench.view.debug
2025-03-27 10:46:23.067 [info] Added views:~remote.forwardedPorts in ~remote.forwardedPortsContainer
2025-03-27 10:46:23.212 [info] Added views:workbench.panel.repl.view in workbench.panel.repl
2025-03-27 10:46:23.216 [info] Removed views:workbench.debug.breakPointsView,workbench.debug.callStackView,workbench.debug.watchExpressionsView,workbench.debug.variablesView from workbench.view.debug
2025-03-27 10:46:23.217 [info] Added views:workbench.debug.welcome in workbench.view.debug
