2025-03-31 08:43:59.279 [info] [main] Log level: Info
2025-03-31 08:43:59.279 [info] [main] Validating found git in: "git"
2025-03-31 08:43:59.279 [info] [main] Using git "2.43.0" from "git"
2025-03-31 08:43:59.279 [info] [Model][doInitialScan] Initial repository scan started
2025-03-31 08:43:59.279 [info] > git rev-parse --show-toplevel [97ms]
2025-03-31 08:43:59.279 [info] fatal: not a git repository (or any of the parent directories): .git
2025-03-31 08:43:59.279 [info] > git rev-parse --show-toplevel [4ms]
2025-03-31 08:43:59.279 [info] fatal: not a git repository (or any of the parent directories): .git
2025-03-31 08:43:59.279 [info] > git rev-parse --show-toplevel [2ms]
2025-03-31 08:43:59.279 [info] fatal: not a git repository (or any of the parent directories): .git
2025-03-31 08:43:59.279 [info] > git rev-parse --show-toplevel [2ms]
2025-03-31 08:43:59.279 [info] fatal: not a git repository (or any of the parent directories): .git
2025-03-31 08:43:59.287 [info] > git rev-parse --show-toplevel [2ms]
2025-03-31 08:43:59.287 [info] fatal: not a git repository (or any of the parent directories): .git
2025-03-31 08:43:59.293 [info] [Model][doInitialScan] Initial repository scan completed - repositories (0), closed repositories (0), parent repositories (0), unsafe repositories (0)
2025-03-31 08:43:59.841 [info] > git rev-parse --show-toplevel [8ms]
2025-03-31 08:43:59.841 [info] fatal: not a git repository (or any of the parent directories): .git
2025-03-31 08:43:59.984 [info] > git rev-parse --show-toplevel [11ms]
2025-03-31 08:43:59.984 [info] fatal: not a git repository (or any of the parent directories): .git
2025-03-31 08:44:00.193 [info] > git rev-parse --show-toplevel [1ms]
2025-03-31 08:44:00.194 [info] fatal: not a git repository (or any of the parent directories): .git
2025-03-31 08:44:09.535 [info] > git rev-parse --show-toplevel [2ms]
2025-03-31 08:44:09.535 [info] fatal: not a git repository (or any of the parent directories): .git
2025-03-31 08:44:16.801 [info] > git rev-parse --show-toplevel [4ms]
2025-03-31 08:44:16.801 [info] fatal: not a git repository (or any of the parent directories): .git
2025-03-31 08:45:38.346 [info] > git rev-parse --show-toplevel [1ms]
2025-03-31 08:45:38.346 [info] fatal: not a git repository (or any of the parent directories): .git
2025-03-31 08:47:03.505 [info] > git rev-parse --show-toplevel [4ms]
2025-03-31 08:47:03.505 [info] fatal: not a git repository (or any of the parent directories): .git
2025-03-31 08:47:17.825 [info] > git rev-parse --show-toplevel [12ms]
2025-03-31 08:47:17.825 [info] fatal: not a git repository (or any of the parent directories): .git
2025-03-31 08:47:20.552 [info] > git rev-parse --show-toplevel [2ms]
2025-03-31 08:47:20.552 [info] fatal: not a git repository (or any of the parent directories): .git
2025-03-31 08:49:50.535 [info] > git rev-parse --show-toplevel [3ms]
2025-03-31 08:49:50.535 [info] fatal: not a git repository (or any of the parent directories): .git
2025-03-31 08:49:52.866 [info] > git rev-parse --show-toplevel [2ms]
2025-03-31 08:49:52.866 [info] fatal: not a git repository (or any of the parent directories): .git
2025-03-31 08:49:53.737 [info] > git rev-parse --show-toplevel [4ms]
2025-03-31 08:49:53.737 [info] fatal: not a git repository (or any of the parent directories): .git
2025-03-31 08:49:55.043 [info] > git rev-parse --show-toplevel [1ms]
2025-03-31 08:49:55.043 [info] fatal: not a git repository (or any of the parent directories): .git
2025-03-31 08:49:59.783 [info] > git rev-parse --show-toplevel [3ms]
2025-03-31 08:49:59.783 [info] fatal: not a git repository (or any of the parent directories): .git
2025-03-31 08:50:50.729 [info] > git rev-parse --show-toplevel [2ms]
2025-03-31 08:50:50.729 [info] fatal: not a git repository (or any of the parent directories): .git
2025-03-31 08:51:57.575 [info] > git rev-parse --show-toplevel [1ms]
2025-03-31 08:51:57.575 [info] fatal: not a git repository (or any of the parent directories): .git
2025-03-31 08:52:46.644 [info] > git rev-parse --show-toplevel [3ms]
2025-03-31 08:52:46.644 [info] fatal: not a git repository (or any of the parent directories): .git
2025-03-31 08:54:07.459 [info] > git rev-parse --show-toplevel [2ms]
2025-03-31 08:54:07.459 [info] fatal: not a git repository (or any of the parent directories): .git
2025-03-31 08:55:13.544 [info] > git rev-parse --show-toplevel [2ms]
2025-03-31 08:55:13.544 [info] fatal: not a git repository (or any of the parent directories): .git
2025-03-31 08:55:32.313 [info] > git rev-parse --show-toplevel [2ms]
2025-03-31 08:55:32.313 [info] fatal: not a git repository (or any of the parent directories): .git
2025-03-31 08:55:47.125 [info] > git rev-parse --show-toplevel [3ms]
2025-03-31 08:55:47.125 [info] fatal: not a git repository (or any of the parent directories): .git
2025-03-31 08:56:35.714 [info] > git rev-parse --show-toplevel [2ms]
2025-03-31 08:56:35.714 [info] fatal: not a git repository (or any of the parent directories): .git
2025-03-31 08:58:16.773 [info] > git rev-parse --show-toplevel [2ms]
2025-03-31 08:58:16.773 [info] fatal: not a git repository (or any of the parent directories): .git
2025-03-31 08:58:18.037 [info] > git rev-parse --show-toplevel [4ms]
2025-03-31 08:58:18.037 [info] fatal: not a git repository (or any of the parent directories): .git
2025-03-31 08:58:48.643 [info] > git rev-parse --show-toplevel [2ms]
2025-03-31 08:58:48.643 [info] fatal: not a git repository (or any of the parent directories): .git
2025-03-31 08:59:08.286 [info] > git rev-parse --show-toplevel [3ms]
2025-03-31 08:59:08.286 [info] fatal: not a git repository (or any of the parent directories): .git
2025-03-31 08:59:09.930 [info] > git rev-parse --show-toplevel [3ms]
2025-03-31 08:59:09.930 [info] fatal: not a git repository (or any of the parent directories): .git
2025-03-31 08:59:10.890 [info] > git rev-parse --show-toplevel [2ms]
2025-03-31 08:59:10.890 [info] fatal: not a git repository (or any of the parent directories): .git
2025-03-31 08:59:36.170 [info] > git rev-parse --show-toplevel [1ms]
2025-03-31 08:59:36.170 [info] fatal: not a git repository (or any of the parent directories): .git
2025-03-31 08:59:54.637 [info] > git rev-parse --show-toplevel [1ms]
2025-03-31 08:59:54.637 [info] fatal: not a git repository (or any of the parent directories): .git
2025-03-31 08:59:55.471 [info] > git rev-parse --show-toplevel [2ms]
2025-03-31 08:59:55.471 [info] fatal: not a git repository (or any of the parent directories): .git
2025-03-31 09:00:40.130 [info] > git rev-parse --show-toplevel [2ms]
2025-03-31 09:00:40.130 [info] fatal: not a git repository (or any of the parent directories): .git
2025-03-31 09:00:49.227 [info] > git rev-parse --show-toplevel [1ms]
2025-03-31 09:00:49.227 [info] fatal: not a git repository (or any of the parent directories): .git
2025-03-31 09:01:22.794 [info] > git rev-parse --show-toplevel [1ms]
2025-03-31 09:01:22.794 [info] fatal: not a git repository (or any of the parent directories): .git
2025-03-31 09:01:39.892 [info] > git rev-parse --show-toplevel [2ms]
2025-03-31 09:01:39.892 [info] fatal: not a git repository (or any of the parent directories): .git
2025-03-31 09:02:00.270 [info] > git rev-parse --show-toplevel [1ms]
2025-03-31 09:02:00.270 [info] fatal: not a git repository (or any of the parent directories): .git
2025-03-31 09:02:08.346 [info] > git rev-parse --show-toplevel [4ms]
2025-03-31 09:02:08.346 [info] fatal: not a git repository (or any of the parent directories): .git
2025-03-31 09:03:21.127 [info] > git rev-parse --show-toplevel [2ms]
2025-03-31 09:03:21.127 [info] fatal: not a git repository (or any of the parent directories): .git
2025-03-31 09:03:54.549 [info] > git rev-parse --show-toplevel [2ms]
2025-03-31 09:03:54.549 [info] fatal: not a git repository (or any of the parent directories): .git
2025-03-31 09:03:56.032 [info] > git rev-parse --show-toplevel [4ms]
2025-03-31 09:03:56.032 [info] fatal: not a git repository (or any of the parent directories): .git
2025-03-31 09:04:03.702 [info] > git rev-parse --show-toplevel [2ms]
2025-03-31 09:04:03.702 [info] fatal: not a git repository (or any of the parent directories): .git
2025-03-31 09:04:12.209 [info] > git rev-parse --show-toplevel [1ms]
2025-03-31 09:04:12.209 [info] fatal: not a git repository (or any of the parent directories): .git
2025-03-31 09:04:13.579 [info] > git rev-parse --show-toplevel [3ms]
2025-03-31 09:04:13.579 [info] fatal: not a git repository (or any of the parent directories): .git
2025-03-31 09:06:53.187 [info] > git rev-parse --show-toplevel [4ms]
2025-03-31 09:06:53.187 [info] fatal: not a git repository (or any of the parent directories): .git
2025-03-31 09:07:17.017 [info] > git rev-parse --show-toplevel [2ms]
2025-03-31 09:07:17.017 [info] fatal: not a git repository (or any of the parent directories): .git
2025-03-31 09:07:19.881 [info] > git rev-parse --show-toplevel [1ms]
2025-03-31 09:07:19.881 [info] fatal: not a git repository (or any of the parent directories): .git
2025-03-31 09:07:20.725 [info] > git rev-parse --show-toplevel [3ms]
2025-03-31 09:07:20.725 [info] fatal: not a git repository (or any of the parent directories): .git
2025-03-31 09:07:28.334 [info] > git rev-parse --show-toplevel [1ms]
2025-03-31 09:07:28.334 [info] fatal: not a git repository (or any of the parent directories): .git
