0 verbose cli /usr/bin/node /usr/bin/npm
1 info using npm@10.9.2
2 info using node@v22.13.1
3 silly config load:file:/usr/lib/node_modules/npm/npmrc
4 silly config load:file:/home/alunos/a2667428/.cache/typescript/5.7/.npmrc
5 silly config load:file:/home/alunos/a2667428/.npmrc
6 silly config load:file:/usr/etc/npmrc
7 verbose title npm install types-registry@latest
8 verbose argv "install" "--ignore-scripts" "types-registry@latest"
9 verbose logfile logs-max:10 dir:/home/alunos/a2667428/.npm/_logs/2025-03-27T13_47_15_211Z-
10 verbose logfile /home/alunos/a2667428/.npm/_logs/2025-03-27T13_47_15_211Z-debug-0.log
11 silly logfile done cleaning log files
12 silly packumentCache heap:2197815296 maxSize:549453824 maxEntrySize:274726912
13 silly packumentCache corgi:https://registry.npmjs.org/types-registry cache-miss
14 http fetch GET 200 https://registry.npmjs.org/types-registry 403ms (cache updated)
15 silly packumentCache corgi:https://registry.npmjs.org/types-registry set size:undefined disposed:false
16 silly idealTree buildDeps
17 silly fetch manifest types-registry@0.1.713
18 silly packumentCache full:https://registry.npmjs.org/types-registry cache-miss
19 http fetch GET 200 https://registry.npmjs.org/types-registry 79ms (cache updated)
20 silly packumentCache full:https://registry.npmjs.org/types-registry set size:undefined disposed:false
21 silly placeDep ROOT types-registry@0.1.713 REPLACE for:  want: 0.1.713
22 silly reify moves {}
23 silly audit bulk request { 'types-registry': [ '0.1.713' ] }
24 http fetch POST 200 https://registry.npmjs.org/-/npm/v1/security/advisories/bulk 278ms
25 silly audit report {}
26 verbose cwd /home/alunos/a2667428/.cache/typescript/5.7
27 verbose os Linux 6.8.0-52-generic
28 verbose node v22.13.1
29 verbose npm  v10.9.2
30 verbose exit 0
31 info ok
