0 verbose cli /usr/bin/node /usr/bin/npm
1 info using npm@10.9.2
2 info using node@v22.13.1
3 silly config load:file:/usr/lib/node_modules/npm/npmrc
4 silly config load:file:/home/alunos/a2667428/.cache/typescript/5.7/.npmrc
5 silly config load:file:/home/alunos/a2667428/.npmrc
6 silly config load:file:/usr/etc/npmrc
7 verbose title npm install types-registry@latest
8 verbose argv "install" "--ignore-scripts" "types-registry@latest"
9 verbose logfile logs-max:10 dir:/home/alunos/a2667428/.npm/_logs/2025-03-27T13_39_43_122Z-
10 verbose logfile /home/alunos/a2667428/.npm/_logs/2025-03-27T13_39_43_122Z-debug-0.log
11 silly logfile done cleaning log files
12 silly packumentCache heap:2197815296 maxSize:549453824 maxEntrySize:274726912
13 silly packumentCache corgi:https://registry.npmjs.org/types-registry cache-miss
14 http fetch GET 200 https://registry.npmjs.org/npm 433ms
15 http fetch GET 200 https://registry.npmjs.org/types-registry 588ms (cache miss)
16 silly packumentCache corgi:https://registry.npmjs.org/types-registry set size:undefined disposed:false
17 silly idealTree buildDeps
18 silly fetch manifest types-registry@0.1.713
19 silly packumentCache full:https://registry.npmjs.org/types-registry cache-miss
20 http fetch GET 200 https://registry.npmjs.org/types-registry 252ms (cache miss)
21 silly packumentCache full:https://registry.npmjs.org/types-registry set size:undefined disposed:false
22 silly placeDep ROOT types-registry@0.1.713 OK for:  want: 0.1.713
23 silly reify moves {}
24 silly audit bulk request { 'types-registry': [ '0.1.713' ] }
25 http cache types-registry@https://registry.npmjs.org/types-registry/-/types-registry-0.1.713.tgz 1ms (cache hit)
26 silly tarball no local data for types-registry@https://registry.npmjs.org/types-registry/-/types-registry-0.1.713.tgz. Extracting by manifest.
27 http fetch GET 200 https://registry.npmjs.org/types-registry/-/types-registry-0.1.713.tgz 216ms (cache miss)
28 http fetch POST 200 https://registry.npmjs.org/-/npm/v1/security/advisories/bulk 259ms
29 silly audit report {}
30 silly ADD node_modules/types-registry
31 verbose cwd /home/alunos/a2667428/.cache/typescript/5.7
32 verbose os Linux 6.8.0-52-generic
33 verbose node v22.13.1
34 verbose npm  v10.9.2
35 notice
35 notice New major version of npm available! 10.9.2 -> 11.2.0
35 notice Changelog: https://github.com/npm/cli/releases/tag/v11.2.0
35 notice To update run: npm install -g npm@11.2.0
35 notice  { force: true, [Symbol(proc-log.meta)]: true }
36 verbose exit 0
37 info ok
