2025-03-31 08:31:38.444 [info] Added views:outline in workbench.view.explorer
2025-03-31 08:31:38.444 [info] Added views:workbench.view.search in workbench.view.search
2025-03-31 08:31:38.444 [info] Added views:workbench.scm in workbench.view.scm
2025-03-31 08:31:38.444 [info] Added views:workbench.panel.markers.view in workbench.panel.markers
2025-03-31 08:31:38.444 [info] Added views:workbench.panel.output in workbench.panel.output
2025-03-31 08:31:38.444 [info] Added views:terminal in terminal
2025-03-31 08:31:38.444 [info] Added views:timeline in workbench.view.explorer
2025-03-31 08:31:38.444 [info] Added views:workbench.explorer.fileView in workbench.view.explorer
2025-03-31 08:31:38.899 [info] Added views:workbench.debug.variablesView,workbench.debug.watchExpressionsView,workbench.debug.callStackView,workbench.debug.breakPointsView in workbench.view.debug
2025-03-31 08:31:39.191 [info] Added views:~remote.forwardedPorts in ~remote.forwardedPortsContainer
2025-03-31 08:31:39.440 [info] Added views:workbench.panel.repl.view in workbench.panel.repl
2025-03-31 08:31:39.440 [info] Removed views:workbench.debug.breakPointsView,workbench.debug.callStackView,workbench.debug.watchExpressionsView,workbench.debug.variablesView from workbench.view.debug
2025-03-31 08:31:39.440 [info] Added views:workbench.debug.welcome in workbench.view.debug
2025-03-31 08:32:11.771 [info] Added views:outline in workbench.view.explorer
2025-03-31 08:32:11.771 [info] Added views:workbench.view.search in workbench.view.search
2025-03-31 08:32:11.771 [info] Added views:workbench.scm in workbench.view.scm
2025-03-31 08:32:11.771 [info] Added views:workbench.panel.markers.view in workbench.panel.markers
2025-03-31 08:32:11.771 [info] Added views:workbench.panel.output in workbench.panel.output
2025-03-31 08:32:11.771 [info] Added views:terminal in terminal
2025-03-31 08:32:11.771 [info] Added views:timeline in workbench.view.explorer
2025-03-31 08:32:11.771 [info] Added views:workbench.explorer.fileView in workbench.view.explorer
2025-03-31 08:32:12.132 [info] Added views:workbench.debug.variablesView,workbench.debug.watchExpressionsView,workbench.debug.callStackView,workbench.debug.breakPointsView in workbench.view.debug
2025-03-31 08:32:12.286 [info] Added views:~remote.forwardedPorts in ~remote.forwardedPortsContainer
2025-03-31 08:32:12.507 [info] Added views:workbench.panel.repl.view in workbench.panel.repl
2025-03-31 08:32:12.511 [info] Removed views:workbench.debug.breakPointsView,workbench.debug.callStackView,workbench.debug.watchExpressionsView,workbench.debug.variablesView from workbench.view.debug
2025-03-31 08:32:12.511 [info] Added views:workbench.debug.welcome in workbench.view.debug
