2025-04-03 10:34:12.854 [info] [main] Log level: Info
2025-04-03 10:34:12.854 [info] [main] Validating found git in: "git"
2025-04-03 10:34:12.854 [info] [main] Using git "2.43.0" from "git"
2025-04-03 10:34:12.854 [info] [Model][doInitialScan] Initial repository scan started
2025-04-03 10:34:12.854 [info] > git rev-parse --show-toplevel [7ms]
2025-04-03 10:34:12.854 [info] fatal: not a git repository (or any of the parent directories): .git
2025-04-03 10:34:12.854 [info] > git rev-parse --show-toplevel [21ms]
2025-04-03 10:34:12.854 [info] fatal: not a git repository (or any of the parent directories): .git
2025-04-03 10:34:12.855 [info] > git rev-parse --show-toplevel [1ms]
2025-04-03 10:34:12.855 [info] fatal: not a git repository (or any of the parent directories): .git
2025-04-03 10:34:12.861 [info] > git rev-parse --show-toplevel [1ms]
2025-04-03 10:34:12.861 [info] fatal: not a git repository (or any of the parent directories): .git
2025-04-03 10:34:12.866 [info] > git rev-parse --show-toplevel [1ms]
2025-04-03 10:34:12.866 [info] fatal: not a git repository (or any of the parent directories): .git
2025-04-03 10:34:12.874 [info] > git rev-parse --show-toplevel [1ms]
2025-04-03 10:34:12.874 [info] fatal: not a git repository (or any of the parent directories): .git
2025-04-03 10:34:12.877 [info] [Model][doInitialScan] Initial repository scan completed - repositories (0), closed repositories (0), parent repositories (0), unsafe repositories (0)
2025-04-03 10:34:13.610 [info] > git rev-parse --show-toplevel [10ms]
2025-04-03 10:34:13.610 [info] fatal: not a git repository (or any of the parent directories): .git
2025-04-03 10:34:24.726 [info] > git rev-parse --show-toplevel [2ms]
2025-04-03 10:34:24.726 [info] fatal: not a git repository (or any of the parent directories): .git
2025-04-03 10:34:45.520 [info] > git rev-parse --show-toplevel [3ms]
2025-04-03 10:34:45.520 [info] fatal: not a git repository (or any of the parent directories): .git
2025-04-03 10:35:18.267 [info] > git rev-parse --show-toplevel [3ms]
2025-04-03 10:35:18.267 [info] fatal: not a git repository (or any of the parent directories): .git
2025-04-03 10:35:32.475 [info] > git rev-parse --show-toplevel [1ms]
2025-04-03 10:35:32.475 [info] fatal: not a git repository (or any of the parent directories): .git
2025-04-03 10:35:45.740 [info] > git rev-parse --show-toplevel [2ms]
2025-04-03 10:35:45.740 [info] fatal: not a git repository (or any of the parent directories): .git
2025-04-03 10:36:35.905 [info] > git rev-parse --show-toplevel [2ms]
2025-04-03 10:36:35.905 [info] fatal: not a git repository (or any of the parent directories): .git
2025-04-03 10:36:44.753 [info] > git rev-parse --show-toplevel [2ms]
2025-04-03 10:36:44.753 [info] fatal: not a git repository (or any of the parent directories): .git
2025-04-03 10:37:44.949 [info] > git rev-parse --show-toplevel [2ms]
2025-04-03 10:37:44.949 [info] fatal: not a git repository (or any of the parent directories): .git
2025-04-03 10:38:02.886 [info] > git rev-parse --show-toplevel [1ms]
2025-04-03 10:38:02.886 [info] fatal: not a git repository (or any of the parent directories): .git
2025-04-03 10:38:17.829 [info] > git rev-parse --show-toplevel [2ms]
2025-04-03 10:38:17.829 [info] fatal: not a git repository (or any of the parent directories): .git
2025-04-03 10:38:21.521 [info] > git rev-parse --show-toplevel [2ms]
2025-04-03 10:38:21.521 [info] fatal: not a git repository (or any of the parent directories): .git
2025-04-03 10:38:46.131 [info] > git rev-parse --show-toplevel [3ms]
2025-04-03 10:38:46.131 [info] fatal: not a git repository (or any of the parent directories): .git
2025-04-03 10:39:15.575 [info] > git rev-parse --show-toplevel [2ms]
2025-04-03 10:39:15.575 [info] fatal: not a git repository (or any of the parent directories): .git
2025-04-03 10:39:18.704 [info] > git rev-parse --show-toplevel [4ms]
2025-04-03 10:39:18.704 [info] fatal: not a git repository (or any of the parent directories): .git
2025-04-03 10:39:40.126 [info] > git rev-parse --show-toplevel [2ms]
2025-04-03 10:39:40.126 [info] fatal: not a git repository (or any of the parent directories): .git
2025-04-03 10:39:43.194 [info] > git rev-parse --show-toplevel [2ms]
2025-04-03 10:39:43.194 [info] fatal: not a git repository (or any of the parent directories): .git
2025-04-03 10:41:40.289 [info] > git rev-parse --show-toplevel [0ms]
2025-04-03 10:41:40.289 [info] fatal: not a git repository (or any of the parent directories): .git
2025-04-03 10:41:42.205 [info] > git rev-parse --show-toplevel [2ms]
2025-04-03 10:41:42.205 [info] fatal: not a git repository (or any of the parent directories): .git
2025-04-03 10:42:15.638 [info] > git rev-parse --show-toplevel [1ms]
2025-04-03 10:42:15.638 [info] fatal: not a git repository (or any of the parent directories): .git
2025-04-03 10:43:16.430 [info] > git rev-parse --show-toplevel [1ms]
2025-04-03 10:43:16.430 [info] fatal: not a git repository (or any of the parent directories): .git
2025-04-03 10:43:25.771 [info] > git rev-parse --show-toplevel [2ms]
2025-04-03 10:43:25.771 [info] fatal: not a git repository (or any of the parent directories): .git
2025-04-03 10:43:35.045 [info] > git rev-parse --show-toplevel [5ms]
2025-04-03 10:43:35.045 [info] fatal: not a git repository (or any of the parent directories): .git
2025-04-03 10:43:41.510 [info] > git rev-parse --show-toplevel [3ms]
2025-04-03 10:43:41.510 [info] fatal: not a git repository (or any of the parent directories): .git
2025-04-03 10:44:05.916 [info] > git rev-parse --show-toplevel [1ms]
2025-04-03 10:44:05.916 [info] fatal: not a git repository (or any of the parent directories): .git
2025-04-03 10:44:44.040 [info] > git rev-parse --show-toplevel [1ms]
2025-04-03 10:44:44.040 [info] fatal: not a git repository (or any of the parent directories): .git
2025-04-03 10:45:05.540 [info] > git rev-parse --show-toplevel [2ms]
2025-04-03 10:45:05.540 [info] fatal: not a git repository (or any of the parent directories): .git
2025-04-03 10:47:32.656 [info] > git rev-parse --show-toplevel [2ms]
2025-04-03 10:47:32.656 [info] fatal: not a git repository (or any of the parent directories): .git
2025-04-03 10:48:12.260 [info] > git rev-parse --show-toplevel [2ms]
2025-04-03 10:48:12.260 [info] fatal: not a git repository (or any of the parent directories): .git
2025-04-03 10:48:13.964 [info] > git rev-parse --show-toplevel [1ms]
2025-04-03 10:48:13.964 [info] fatal: not a git repository (or any of the parent directories): .git
2025-04-03 10:48:15.666 [info] > git rev-parse --show-toplevel [2ms]
2025-04-03 10:48:15.666 [info] fatal: not a git repository (or any of the parent directories): .git
2025-04-03 10:49:03.828 [info] > git rev-parse --show-toplevel [2ms]
2025-04-03 10:49:03.828 [info] fatal: not a git repository (or any of the parent directories): .git
2025-04-03 10:49:06.128 [info] > git rev-parse --show-toplevel [2ms]
2025-04-03 10:49:06.128 [info] fatal: not a git repository (or any of the parent directories): .git
2025-04-03 10:49:08.809 [info] > git rev-parse --show-toplevel [2ms]
2025-04-03 10:49:08.809 [info] fatal: not a git repository (or any of the parent directories): .git
2025-04-03 10:50:21.093 [info] > git rev-parse --show-toplevel [3ms]
2025-04-03 10:50:21.093 [info] fatal: not a git repository (or any of the parent directories): .git
2025-04-03 10:50:54.422 [info] > git rev-parse --show-toplevel [2ms]
2025-04-03 10:50:54.422 [info] fatal: not a git repository (or any of the parent directories): .git
2025-04-03 10:51:11.386 [info] > git rev-parse --show-toplevel [3ms]
2025-04-03 10:51:11.386 [info] fatal: not a git repository (or any of the parent directories): .git
2025-04-03 10:52:07.696 [info] > git rev-parse --show-toplevel [2ms]
2025-04-03 10:52:07.696 [info] fatal: not a git repository (or any of the parent directories): .git
2025-04-03 10:52:31.514 [info] > git rev-parse --show-toplevel [3ms]
2025-04-03 10:52:31.514 [info] fatal: not a git repository (or any of the parent directories): .git
2025-04-03 10:53:21.152 [info] > git rev-parse --show-toplevel [1ms]
2025-04-03 10:53:21.152 [info] fatal: not a git repository (or any of the parent directories): .git
2025-04-03 10:53:24.071 [info] > git rev-parse --show-toplevel [2ms]
2025-04-03 10:53:24.071 [info] fatal: not a git repository (or any of the parent directories): .git
2025-04-03 10:53:25.768 [info] > git rev-parse --show-toplevel [1ms]
2025-04-03 10:53:25.768 [info] fatal: not a git repository (or any of the parent directories): .git
2025-04-03 10:53:27.430 [info] > git rev-parse --show-toplevel [2ms]
2025-04-03 10:53:27.430 [info] fatal: not a git repository (or any of the parent directories): .git
2025-04-03 10:53:28.461 [info] > git rev-parse --show-toplevel [3ms]
2025-04-03 10:53:28.461 [info] fatal: not a git repository (or any of the parent directories): .git
2025-04-03 10:53:41.643 [info] > git rev-parse --show-toplevel [2ms]
2025-04-03 10:53:41.643 [info] fatal: not a git repository (or any of the parent directories): .git
2025-04-03 10:53:57.924 [info] > git rev-parse --show-toplevel [2ms]
2025-04-03 10:53:57.924 [info] fatal: not a git repository (or any of the parent directories): .git
2025-04-03 10:53:59.306 [info] > git rev-parse --show-toplevel [2ms]
2025-04-03 10:53:59.306 [info] fatal: not a git repository (or any of the parent directories): .git
2025-04-03 10:54:24.460 [info] > git rev-parse --show-toplevel [7ms]
2025-04-03 10:54:24.460 [info] fatal: not a git repository (or any of the parent directories): .git
2025-04-03 10:54:57.344 [info] > git rev-parse --show-toplevel [5ms]
2025-04-03 10:54:57.344 [info] fatal: not a git repository (or any of the parent directories): .git
2025-04-03 10:55:03.367 [info] > git rev-parse --show-toplevel [2ms]
2025-04-03 10:55:03.367 [info] fatal: not a git repository (or any of the parent directories): .git
2025-04-03 10:55:23.832 [info] > git rev-parse --show-toplevel [7ms]
2025-04-03 10:55:23.832 [info] fatal: not a git repository (or any of the parent directories): .git
2025-04-03 10:55:27.014 [info] > git rev-parse --show-toplevel [5ms]
2025-04-03 10:55:27.014 [info] fatal: not a git repository (or any of the parent directories): .git
2025-04-03 10:55:54.410 [info] > git rev-parse --show-toplevel [2ms]
2025-04-03 10:55:54.410 [info] fatal: not a git repository (or any of the parent directories): .git
2025-04-03 10:56:16.833 [info] > git rev-parse --show-toplevel [1ms]
2025-04-03 10:56:16.833 [info] fatal: not a git repository (or any of the parent directories): .git
2025-04-03 11:01:28.666 [info] > git rev-parse --show-toplevel [1ms]
2025-04-03 11:01:28.666 [info] fatal: not a git repository (or any of the parent directories): .git
