2025-03-31 08:31:39.407 [info] Extension host with pid 3288 started
2025-03-31 08:31:39.407 [info] Skipping acquiring lock for /home/alunos/a2667428/.config/Code/User/workspaceStorage/5eb46abe7c83d34b57b5e281f541b642.
2025-03-31 08:31:39.438 [info] ExtensionService#_doActivateExtension vscode.github-authentication, startup: false, activationEvent: 'onAuthenticationRequest:github'
2025-03-31 08:31:39.543 [info] ExtensionService#_doActivateExtension vscode.git-base, startup: true, activationEvent: '*', root cause: vscode.git
2025-03-31 08:31:39.547 [info] ExtensionService#_doActivateExtension vscode.git, startup: true, activationEvent: '*'
2025-03-31 08:31:39.624 [info] ExtensionService#_doActivateExtension vscode.github, startup: true, activationEvent: '*'
2025-03-31 08:31:39.730 [info] Eager extensions activated
2025-03-31 08:31:39.748 [info] ExtensionService#_doActivateExtension vscode.debug-auto-launch, startup: false, activationEvent: 'onStartupFinished'
2025-03-31 08:31:39.750 [info] ExtensionService#_doActivateExtension vscode.merge-conflict, startup: false, activationEvent: 'onStartupFinished'
2025-03-31 08:31:39.770 [info] ExtensionService#_doActivateExtension ritwickdey.LiveServer, startup: false, activationEvent: 'onStartupFinished'
2025-03-31 08:31:40.181 [info] ExtensionService#_doActivateExtension vscode.html-language-features, startup: false, activationEvent: 'onLanguage:html'
2025-03-31 08:31:40.257 [info] ExtensionService#_doActivateExtension vscode.emmet, startup: false, activationEvent: 'onLanguage'
2025-03-31 08:31:42.370 [info] ExtensionService#_doActivateExtension vscode.typescript-language-features, startup: false, activationEvent: 'onLanguage:javascript'
2025-03-31 08:32:11.340 [info] Extension host terminating: renderer closed the MessagePort
2025-03-31 08:32:11.366 [info] Extension host with pid 3288 exiting with code 0
2025-03-31 08:32:12.435 [info] Extension host with pid 3523 started
2025-03-31 08:32:12.435 [info] Skipping acquiring lock for /home/alunos/a2667428/.config/Code/User/workspaceStorage/82797a7840a0e30b2744af116feab279.
2025-03-31 08:32:12.508 [info] ExtensionService#_doActivateExtension vscode.github-authentication, startup: false, activationEvent: 'onAuthenticationRequest:github'
2025-03-31 08:32:12.593 [info] ExtensionService#_doActivateExtension vscode.git-base, startup: true, activationEvent: '*', root cause: vscode.git
2025-03-31 08:32:12.601 [info] ExtensionService#_doActivateExtension vscode.git, startup: true, activationEvent: '*'
2025-03-31 08:32:12.675 [info] ExtensionService#_doActivateExtension vscode.github, startup: true, activationEvent: '*'
2025-03-31 08:32:12.783 [info] Eager extensions activated
2025-03-31 08:32:12.806 [info] ExtensionService#_doActivateExtension vscode.debug-auto-launch, startup: false, activationEvent: 'onStartupFinished'
2025-03-31 08:32:12.808 [info] ExtensionService#_doActivateExtension vscode.merge-conflict, startup: false, activationEvent: 'onStartupFinished'
2025-03-31 08:32:12.826 [info] ExtensionService#_doActivateExtension ritwickdey.LiveServer, startup: false, activationEvent: 'onStartupFinished'
2025-03-31 08:32:13.216 [info] ExtensionService#_doActivateExtension vscode.html-language-features, startup: false, activationEvent: 'onLanguage:html'
2025-03-31 08:32:13.288 [info] ExtensionService#_doActivateExtension vscode.emmet, startup: false, activationEvent: 'onLanguage'
2025-03-31 08:32:13.832 [info] ExtensionService#_doActivateExtension vscode.typescript-language-features, startup: false, activationEvent: 'onLanguage:javascript'
2025-03-31 08:32:14.820 [info] ExtensionService#_doActivateExtension vscode.css-language-features, startup: false, activationEvent: 'onLanguage:css'
2025-03-31 08:34:48.758 [info] Extension host terminating: renderer closed the MessagePort
2025-03-31 08:34:48.800 [info] Extension host with pid 3523 exiting with code 0
