2025-03-31 08:31:39.808 [info] [main] Log level: Info
2025-03-31 08:31:39.808 [info] [main] Validating found git in: "git"
2025-03-31 08:31:39.808 [info] [main] Using git "2.43.0" from "git"
2025-03-31 08:31:39.808 [info] [Model][doInitialScan] Initial repository scan started
2025-03-31 08:31:39.808 [info] > git rev-parse --show-toplevel [3ms]
2025-03-31 08:31:39.808 [info] fatal: not a git repository (or any of the parent directories): .git
2025-03-31 08:31:39.808 [info] [Model][doInitialScan] Initial repository scan completed - repositories (0), closed repositories (0), parent repositories (0), unsafe repositories (0)
2025-03-31 08:31:40.117 [info] > git rev-parse --show-toplevel [2ms]
2025-03-31 08:31:40.117 [info] fatal: not a git repository (or any of the parent directories): .git
2025-03-31 08:31:41.001 [info] > git rev-parse --show-toplevel [1ms]
2025-03-31 08:31:41.002 [info] fatal: not a git repository (or any of the parent directories): .git
2025-03-31 08:31:42.192 [info] > git rev-parse --show-toplevel [2ms]
2025-03-31 08:31:42.192 [info] fatal: not a git repository (or any of the parent directories): .git
2025-03-31 08:32:12.797 [info] [main] Log level: Info
2025-03-31 08:32:12.797 [info] [main] Validating found git in: "git"
2025-03-31 08:32:12.797 [info] [main] Using git "2.43.0" from "git"
2025-03-31 08:32:12.797 [info] [Model][doInitialScan] Initial repository scan started
2025-03-31 08:32:12.801 [info] > git rev-parse --show-toplevel [2ms]
2025-03-31 08:32:12.801 [info] fatal: not a git repository (or any of the parent directories): .git
2025-03-31 08:32:12.805 [info] [Model][doInitialScan] Initial repository scan completed - repositories (0), closed repositories (0), parent repositories (0), unsafe repositories (0)
2025-03-31 08:32:13.183 [info] > git rev-parse --show-toplevel [2ms]
2025-03-31 08:32:13.183 [info] fatal: not a git repository (or any of the parent directories): .git
2025-03-31 08:32:13.599 [info] > git rev-parse --show-toplevel [3ms]
2025-03-31 08:32:13.599 [info] fatal: not a git repository (or any of the parent directories): .git
2025-03-31 08:32:14.378 [info] > git rev-parse --show-toplevel [29ms]
2025-03-31 08:32:14.378 [info] fatal: not a git repository (or any of the parent directories): .git
2025-03-31 08:32:14.618 [info] > git rev-parse --show-toplevel [1ms]
2025-03-31 08:32:14.618 [info] fatal: not a git repository (or any of the parent directories): .git
2025-03-31 08:32:15.320 [info] > git rev-parse --show-toplevel [9ms]
2025-03-31 08:32:15.320 [info] fatal: not a git repository (or any of the parent directories): .git
2025-03-31 08:32:29.046 [info] > git rev-parse --show-toplevel [6ms]
2025-03-31 08:32:29.046 [info] fatal: not a git repository (or any of the parent directories): .git
2025-03-31 08:32:29.947 [info] > git rev-parse --show-toplevel [2ms]
2025-03-31 08:32:29.947 [info] fatal: not a git repository (or any of the parent directories): .git
