2025-03-27 10:38:39.880 [info] Extension host with pid 4666 started
2025-03-27 10:38:39.966 [info] ExtensionService#_doActivateExtension vscode.github-authentication, startup: false, activationEvent: 'onAuthenticationRequest:github'
2025-03-27 10:38:40.120 [info] ExtensionService#_doActivateExtension vscode.git-base, startup: true, activationEvent: '*', root cause: vscode.git
2025-03-27 10:38:40.131 [info] ExtensionService#_doActivateExtension vscode.git, startup: true, activationEvent: '*'
2025-03-27 10:38:40.203 [info] ExtensionService#_doActivateExtension vscode.github, startup: true, activationEvent: '*'
2025-03-27 10:38:40.374 [info] Eager extensions activated
2025-03-27 10:38:40.406 [info] ExtensionService#_doActivateExtension vscode.debug-auto-launch, startup: false, activationEvent: 'onStartupFinished'
2025-03-27 10:38:40.412 [info] ExtensionService#_doActivateExtension vscode.merge-conflict, startup: false, activationEvent: 'onStartupFinished'
2025-03-27 10:38:46.555 [info] ExtensionService#_doActivateExtension vscode.emmet, startup: false, activationEvent: 'onLanguage'
2025-03-27 10:39:02.394 [info] ExtensionService#_doActivateExtension ritwickdey.LiveServer, startup: false, activationEvent: 'onStartupFinished'
2025-03-27 10:39:14.162 [info] Extension host terminating: renderer closed the MessagePort
2025-03-27 10:39:14.181 [info] Extension host with pid 4666 exiting with code 0
2025-03-27 10:39:15.280 [info] Extension host with pid 4936 started
2025-03-27 10:39:15.280 [info] Skipping acquiring lock for /home/alunos/a2667428/.config/Code/User/workspaceStorage/113f0f51cb5f3a39659ad451242db6dc.
2025-03-27 10:39:15.298 [info] ExtensionService#_doActivateExtension vscode.github-authentication, startup: false, activationEvent: 'onAuthenticationRequest:github'
2025-03-27 10:39:15.389 [info] ExtensionService#_doActivateExtension vscode.git-base, startup: true, activationEvent: '*'
2025-03-27 10:39:15.448 [info] ExtensionService#_doActivateExtension vscode.github, startup: true, activationEvent: '*'
2025-03-27 10:39:15.499 [info] Eager extensions activated
2025-03-27 10:39:15.501 [info] ExtensionService#_doActivateExtension vscode.debug-auto-launch, startup: false, activationEvent: 'onStartupFinished'
2025-03-27 10:39:15.503 [info] ExtensionService#_doActivateExtension vscode.merge-conflict, startup: false, activationEvent: 'onStartupFinished'
2025-03-27 10:39:17.705 [info] ExtensionService#_doActivateExtension vscode.git, startup: false, activationEvent: 'api', root cause: vscode.github
2025-03-27 10:39:17.808 [info] ExtensionService#_doActivateExtension ritwickdey.LiveServer, startup: false, activationEvent: 'onStartupFinished'
2025-03-27 10:39:37.093 [info] ExtensionService#_doActivateExtension vscode.emmet, startup: false, activationEvent: 'onLanguage'
2025-03-27 10:39:41.342 [info] ExtensionService#_doActivateExtension vscode.typescript-language-features, startup: false, activationEvent: 'onLanguage:javascript'
2025-03-27 10:40:20.736 [info] ExtensionService#_doActivateExtension vscode.css-language-features, startup: false, activationEvent: 'onLanguage:css'
2025-03-27 10:41:07.539 [info] ExtensionService#_doActivateExtension vscode.html-language-features, startup: false, activationEvent: 'onLanguage:html'
2025-03-27 10:46:21.890 [info] Extension host terminating: renderer closed the MessagePort
2025-03-27 10:46:21.928 [info] Extension host with pid 4936 exiting with code 0
2025-03-27 10:46:23.168 [info] Extension host with pid 5392 started
2025-03-27 10:46:23.169 [info] Skipping acquiring lock for /home/alunos/a2667428/.config/Code/User/workspaceStorage/5adbecbf662489199c593a2099d40f4c.
2025-03-27 10:46:23.210 [info] ExtensionService#_doActivateExtension vscode.github-authentication, startup: false, activationEvent: 'onAuthenticationRequest:github'
2025-03-27 10:46:23.314 [info] ExtensionService#_doActivateExtension vscode.git-base, startup: true, activationEvent: '*', root cause: vscode.git
2025-03-27 10:46:23.320 [info] ExtensionService#_doActivateExtension vscode.git, startup: true, activationEvent: '*'
2025-03-27 10:46:23.395 [info] ExtensionService#_doActivateExtension vscode.github, startup: true, activationEvent: '*'
2025-03-27 10:46:23.485 [info] Eager extensions activated
2025-03-27 10:46:23.501 [info] ExtensionService#_doActivateExtension vscode.debug-auto-launch, startup: false, activationEvent: 'onStartupFinished'
2025-03-27 10:46:23.503 [info] ExtensionService#_doActivateExtension vscode.merge-conflict, startup: false, activationEvent: 'onStartupFinished'
2025-03-27 10:46:23.521 [info] ExtensionService#_doActivateExtension ritwickdey.LiveServer, startup: false, activationEvent: 'onStartupFinished'
2025-03-27 10:46:25.045 [info] ExtensionService#_doActivateExtension vscode.html-language-features, startup: false, activationEvent: 'onLanguage:html'
2025-03-27 10:46:25.118 [info] ExtensionService#_doActivateExtension vscode.emmet, startup: false, activationEvent: 'onLanguage'
2025-03-27 10:46:47.282 [info] ExtensionService#_doActivateExtension vscode.css-language-features, startup: false, activationEvent: 'onLanguage:css'
2025-03-27 10:47:13.585 [info] ExtensionService#_doActivateExtension vscode.typescript-language-features, startup: false, activationEvent: 'onLanguage:javascript'
2025-03-27 11:00:53.510 [info] ExtensionService#_doActivateExtension vscode.configuration-editing, startup: false, activationEvent: 'onLanguage:jsonc'
2025-03-27 11:00:53.526 [info] ExtensionService#_doActivateExtension vscode.json-language-features, startup: false, activationEvent: 'onLanguage:jsonc'
2025-03-27 11:35:38.376 [info] Extension host terminating: renderer closed the MessagePort
2025-03-27 11:35:38.465 [info] Extension host with pid 5392 exiting with code 0
